<?xml version="1.0" encoding="UTF-8"?>
<!-- Generated by org.testng.reporters.JUnitReportReporter -->
<testsuite skipped="0" hostname="LAPTOP-JDID1F9P" name="HarveyHorman.TC015_BeforeAfterClass2" tests="4" failures="0" timestamp="25 Aug 2018 05:24:13 GMT" time="0.052" errors="0">
  <testcase name="display" time="0.016" classname="HarveyHorman.TC015_BeforeAfterClass2"/>
  <testcase name="AddtoCart" time="0.012" classname="HarveyHorman.TC015_BeforeAfterClass2"/>
  <testcase name="Payment" time="0.012" classname="HarveyHorman.TC015_BeforeAfterClass2"/>
  <testcase name="Search" time="0.012" classname="HarveyHorman.TC015_BeforeAfterClass2"/>
</testsuite> <!-- HarveyHorman.TC015_BeforeAfterClass2 -->
