<?xml version="1.0" encoding="UTF-8"?>
<!-- Generated by org.testng.reporters.JUnitReportReporter -->
<testsuite skipped="0" hostname="LAPTOP-JDID1F9P" name="TestNGs.TC006_TestNGGrouping1" tests="1" failures="0" timestamp="28 Aug 2018 09:26:02 GMT" time="0.016" errors="0">
  <testcase name="composeMail" time="0.016" classname="TestNGs.TC006_TestNGGrouping1"/>
</testsuite> <!-- TestNGs.TC006_TestNGGrouping1 -->
