<?xml version="1.0" encoding="UTF-8"?>
<!-- Generated by org.testng.reporters.JUnitReportReporter -->
<testsuite skipped="0" hostname="LAPTOP-JDID1F9P" name="TestNGs.TC004_TestNGDependencies" tests="3" failures="0" timestamp="25 Aug 2018 04:22:10 GMT" time="0.047" errors="0">
  <testcase name="LogOut" time="0.003" classname="TestNGs.TC004_TestNGDependencies"/>
  <testcase name="login" time="0.037" classname="TestNGs.TC004_TestNGDependencies"/>
  <testcase name="DoSomeAct" time="0.007" classname="TestNGs.TC004_TestNGDependencies"/>
</testsuite> <!-- TestNGs.TC004_TestNGDependencies -->
