<?xml version="1.0" encoding="UTF-8"?>
<!-- Generated by org.testng.reporters.JUnitReportReporter -->
<testsuite skipped="0" hostname="LAPTOP-JDID1F9P" name="TestNGs.TC008_2DArrayLearning" tests="1" failures="0" timestamp="27 Aug 2018 09:49:30 GMT" time="0.034" errors="0">
  <testcase name="ArrayLearning" time="0.034" classname="TestNGs.TC008_2DArrayLearning"/>
</testsuite> <!-- TestNGs.TC008_2DArrayLearning -->
