<?xml version="1.0" encoding="UTF-8"?>
<!-- Generated by org.testng.reporters.JUnitReportReporter -->
<testsuite skipped="0" hostname="LAPTOP-JDID1F9P" name="TestNGs.TC001_TestNGSamples" tests="3" failures="0" timestamp="21 Aug 2018 09:54:58 GMT" time="0.049" errors="0">
  <testcase name="test1" time="0.033" classname="TestNGs.TC001_TestNGSamples"/>
  <testcase name="test0" time="0.007" classname="TestNGs.TC001_TestNGSamples"/>
  <testcase name="test3" time="0.009" classname="TestNGs.TC001_TestNGSamples"/>
</testsuite> <!-- TestNGs.TC001_TestNGSamples -->
