<?xml version="1.0" encoding="UTF-8"?>
<!-- Generated by org.testng.reporters.JUnitReportReporter -->
<testsuite skipped="0" hostname="LAPTOP-JDID1F9P" name="HarveyHorman.TC001_NavigatetoHN" tests="1" failures="0" timestamp="25 Aug 2018 05:10:22 GMT" time="14.547" errors="0">
  <testcase name="navigate" time="14.547" classname="HarveyHorman.TC001_NavigatetoHN"/>
</testsuite> <!-- HarveyHorman.TC001_NavigatetoHN -->
