<?xml version="1.0" encoding="UTF-8"?>
<!-- Generated by org.testng.reporters.JUnitReportReporter -->
<testsuite skipped="0" hostname="LAPTOP-JDID1F9P" name="TestNGs.TC007_DataProvider" tests="2" failures="0" timestamp="27 Aug 2018 10:06:02 GMT" time="20.828" errors="0">
  <testcase name="TestChrome" time="11.000" classname="TestNGs.TC007_DataProvider"/>
  <testcase name="TestChrome" time="9.828" classname="TestNGs.TC007_DataProvider"/>
</testsuite> <!-- TestNGs.TC007_DataProvider -->
