<?xml version="1.0" encoding="UTF-8"?>
<!-- Generated by org.testng.reporters.JUnitReportReporter -->
<testsuite skipped="0" hostname="LAPTOP-JDID1F9P" name="TestNGs.TC005_AssertTrue1" tests="1" failures="0" timestamp="25 Aug 2018 04:46:13 GMT" time="17.213" errors="0">
  <testcase name="test1" time="17.213" classname="TestNGs.TC005_AssertTrue1"/>
</testsuite> <!-- TestNGs.TC005_AssertTrue1 -->
