<?xml version="1.0" encoding="UTF-8"?>
<!-- Generated by org.testng.reporters.JUnitReportReporter -->
<testsuite skipped="0" hostname="LAPTOP-JDID1F9P" name="HarveyHorman.TC014_BeforeClassAfterClass" tests="3" failures="0" timestamp="25 Aug 2018 05:28:14 GMT" time="0.047" errors="0">
  <testcase name="AddtoCart" time="0.047" classname="HarveyHorman.TC014_BeforeClassAfterClass"/>
  <testcase name="Payment" time="0.000" classname="HarveyHorman.TC014_BeforeClassAfterClass"/>
  <testcase name="Search" time="0.000" classname="HarveyHorman.TC014_BeforeClassAfterClass"/>
</testsuite> <!-- HarveyHorman.TC014_BeforeClassAfterClass -->
