<?xml version="1.0" encoding="UTF-8"?>
<!-- Generated by org.testng.reporters.JUnitReportReporter -->
<testsuite skipped="0" hostname="LAPTOP-JDID1F9P" name="HarveyHorman.TC013_NavigatetoCreateAnAcccount" tests="3" failures="0" timestamp="27 Aug 2018 09:10:08 GMT" time="22.230" errors="0">
  <testcase name="Navigate_2" time="5.024" classname="HarveyHorman.TC013_NavigatetoCreateAnAcccount"/>
  <testcase name="navigate" time="13.377" classname="HarveyHorman.TC013_NavigatetoCreateAnAcccount"/>
  <testcase name="Navigate_CreateAnAccount" time="3.829" classname="HarveyHorman.TC013_NavigatetoCreateAnAcccount"/>
</testsuite> <!-- HarveyHorman.TC013_NavigatetoCreateAnAcccount -->
