<?xml version="1.0" encoding="UTF-8"?>
<!-- Generated by org.testng.reporters.JUnitReportReporter -->
<testsuite skipped="0" hostname="LAPTOP-JDID1F9P" name="TestNGs.TC006_TestNGGrouping" tests="1" failures="0" timestamp="28 Aug 2018 09:26:31 GMT" time="0.060" errors="0">
  <testcase name="loginTest" time="0.060" classname="TestNGs.TC006_TestNGGrouping"/>
</testsuite> <!-- TestNGs.TC006_TestNGGrouping -->
