<?xml version="1.0" encoding="UTF-8"?>
<!-- Generated by org.testng.reporters.JUnitReportReporter -->
<testsuite skipped="0" hostname="LAPTOP-JDID1F9P" name="TestNGs.TC002_AssertTrue" tests="1" failures="0" timestamp="21 Aug 2018 10:11:11 GMT" time="18.140" errors="0">
  <testcase name="test1" time="18.140" classname="TestNGs.TC002_AssertTrue"/>
</testsuite> <!-- TestNGs.TC002_AssertTrue -->
