<?xml version="1.0" encoding="UTF-8"?>
<!-- Generated by org.testng.reporters.JUnitReportReporter -->
<testsuite skipped="0" hostname="LAPTOP-JDID1F9P" name="HarveyHorman.TC002_NavigatetoLoginAccount" tests="2" failures="0" timestamp="25 Aug 2018 05:08:39 GMT" time="26.687" errors="0">
  <testcase name="navigate" time="18.124" classname="HarveyHorman.TC002_NavigatetoLoginAccount"/>
  <testcase name="Navigate_2" time="8.563" classname="HarveyHorman.TC002_NavigatetoLoginAccount"/>
</testsuite> <!-- HarveyHorman.TC002_NavigatetoLoginAccount -->
